<?xml version="1.0" encoding="UTF-8"?>
<!-- Generated by org.testng.reporters.JUnitReportReporter -->
<testsuite skipped="0" hostname="DESKTOP-O89HVJP" name="fabulous.NewTest" tests="2" failures="0" timestamp="2020-01-28T17:26:12 IST" time="0.000" errors="0">
  <testcase name="anotherpageopen" time="0.000" classname="fabulous.NewTest"/>
  <testcase name="verifythelogginbutton" time="0.000" classname="fabulous.NewTest"/>
</testsuite> <!-- fabulous.NewTest -->
